Problem 1. Solve the following system of equations for x, y, and z: 
25x + 7y + 18z = 10 
16x + 10y + 11z = 8 
18x + 3y + 9z = 17 









Answer: 

Problem 2. Solve the following equation for x: 
9x + 6 









Answer: 

Problem 3. Solve the following quadratic equation for x: 
1x^2 + 3x + 19 









Answer: 

Problem 4. Solve the following equation for x: 
14x + 6 









Answer: 

Problem 5. Solve the following quadratic equation for x: 
3x^2 + 16x + 4 









Answer: 

Problem 6. Solve the following quadratic equation for x: 
1x^2 + 7x + 1 









Answer: 

Problem 7. Solve the following system of equations for x and y: 
23x + 11y = 5 
18x + 10y = 7 









Answer: 

Problem 8. Solve the following equation for x: 
23x + 8 









Answer: 

Problem 9. Solve the following quadratic equation for x: 
1x^2 + 9x + 17 









Answer: 

Problem 10. Solve the following quadratic equation for x: 
2x^2 + 13x + 3 









Answer: 

Problem 11. Solve the following equation for x: 
19x + 8 









Answer: 

Problem 12. Solve the following equation for x: 
8x + 22 









Answer: 

Problem 13. Solve the following equation for x: 
10x + 6 









Answer: 

Problem 14. Solve the following quadratic equation for x: 
3x^2 + 8x + 5 









Answer: 

Problem 15. Solve the following quadratic equation for x: 
2x^2 + 11x + 20 









Answer: 

